[debug] [2024-06-27T13:58:20.992Z] ----------------------------------------------------------------------
[debug] [2024-06-27T13:58:20.996Z] Command:       /usr/local/bin/node /usr/local/bin/firebase init
[debug] [2024-06-27T13:58:20.996Z] CLI Version:   13.11.2
[debug] [2024-06-27T13:58:20.997Z] Platform:      darwin
[debug] [2024-06-27T13:58:20.997Z] Node Version:  v20.11.0
[debug] [2024-06-27T13:58:20.997Z] Time:          Thu Jun 27 2024 13:58:20 GMT+0000 (Greenwich Mean Time)
[debug] [2024-06-27T13:58:20.997Z] ----------------------------------------------------------------------
[debug] 
[debug] [2024-06-27T13:58:21.000Z] >>> [apiv2][query] GET https://firebase-public.firebaseio.com/cli.json [none]
[debug] [2024-06-27T13:58:21.057Z] > command requires scopes: ["email","openid","https://www.googleapis.com/auth/cloudplatformprojects.readonly","https://www.googleapis.com/auth/firebase","https://www.googleapis.com/auth/cloud-platform"]
[debug] [2024-06-27T13:58:21.057Z] > authorizing via signed-in user (quaicoetheophilus331@gmail.com)
[info] 
     ######## #### ########  ######## ########     ###     ######  ########
     ##        ##  ##     ## ##       ##     ##  ##   ##  ##       ##
     ######    ##  ########  ######   ########  #########  ######  ######
     ##        ##  ##    ##  ##       ##     ## ##     ##       ## ##
     ##       #### ##     ## ######## ########  ##     ##  ######  ########

You're about to initialize a Firebase project in this directory:

  /Users/user/Desktop/Angular17/BstsPortal

[debug] [2024-06-27T13:58:25.408Z] *** [apiv2] error from fetch(https://firebase-public.firebaseio.com/cli.json, {"headers":{},"method":"GET"}): FetchError: request to https://firebase-public.firebaseio.com/cli.json failed, reason: getaddrinfo ENOTFOUND firebase-public.firebaseio.com
[warn] ⚠  Unable to fetch the CLI MOTD and remote config. This is not a fatal error, but may indicate an issue with your network connection. 
[debug] [2024-06-27T13:58:25.415Z] Failed to fetch MOTD FirebaseError: Failed to make request to https://firebase-public.firebaseio.com/cli.json
